Not searching for unused variables given on the command line.
[36m--[0m Using CATKIN_DEVEL_PREFIX: /home/johnperg/catkin_ws/devel/.private/unitree_legged_sdk
[36m--[0m Using CMAKE_PREFIX_PATH: /home/johnperg/catkin_ws/devel;/opt/ros/noetic
[36m--[0m This workspace overlays: /home/johnperg/catkin_ws/devel;/opt/ros/noetic
[36m--[0m Found PythonInterp: /usr/bin/python3 (found suitable version "3.8.10", minimum required is "3")
[36m--[0m Using PYTHON_EXECUTABLE: /usr/bin/python3
[36m--[0m Using Debian Python package layout
[36m--[0m Found PY_em: /usr/lib/python3/dist-packages/em.py
[36m--[0m Using empy: /usr/lib/python3/dist-packages/em.py
[36m--[0m Using CATKIN_ENABLE_TESTING: ON
[36m--[0m Call enable_testing()
[36m--[0m Using CATKIN_TEST_RESULTS_DIR: /home/johnperg/catkin_ws/src/unitree_legged_sdk/test_results
[36m--[0m Forcing gtest/gmock from source, though one was otherwise available.
[36m--[0m Found gtest sources under '/usr/src/googletest': gtests will be built
[36m--[0m Found gmock sources under '/usr/src/googletest': gmock will be built
[36m--[0m Found PythonInterp: /usr/bin/python3 (found version "3.8.10")
[36m--[0m Found Threads: TRUE
[36m--[0m Using Python nosetests: /usr/bin/nosetests3
[36m--[0m catkin 0.8.10
[36m--[0m BUILD_SHARED_LIBS is on
[36m--[0m BUILD_SHARED_LIBS is on
[33mWARNING: Package name "aliengoZ1_description" does not follow the naming conventions. It should start with a lower case letter and only contain lower case letters, digits, underscores, and dashes.[0m
[36m--[0m ~~~~~~~~~~~~~~~~~~~~~~~~~~~~~~~~~~~~~~~~~~~~~~~~~
[36m--[0m ~~  traversing 20 packages in topological order:
[36m--[0m ~~  - a1_description
[36m--[0m ~~  - aliengo_description
[36m--[0m ~~  - b1_description
[36m--[0m ~~  - go1_description
[36m--[0m ~~  - laikago_description
[36m--[0m ~~  - unitree_legged_msgs
[36m--[0m ~~  - unitree_legged_control
[36m--[0m ~~  - unitree_legged_real
[36m--[0m ~~  - unitree_motor_ctrl
[36m--[0m ~~  - b2_description
[36m--[0m ~~  - b2w_description
[36m--[0m ~~  - go2_description
[36m--[0m ~~  - go2w_description
[36m--[0m ~~  - h1_description
[36m--[0m ~~  - unitree_controller
[36m--[0m ~~  - unitree_gazebo
[36m--[0m ~~  - unitree_guide
[36m--[0m ~~  - unitree_move_base
[36m--[0m ~~  - aliengoZ1_description
[36m--[0m ~~  - z1_description
[36m--[0m ~~~~~~~~~~~~~~~~~~~~~~~~~~~~~~~~~~~~~~~~~~~~~~~~~
[36m--[0m +++ processing catkin package: 'a1_description'
[36m--[0m ==> add_subdirectory(unitree_ros/robots/a1_description)
[36m--[0m Using these message generators: gencpp;geneus;genlisp;gennodejs;genpy
[36m--[0m +++ processing catkin package: 'aliengo_description'
[36m--[0m ==> add_subdirectory(unitree_ros/robots/aliengo_description)
[36m--[0m Using these message generators: gencpp;geneus;genlisp;gennodejs;genpy
[36m--[0m +++ processing catkin package: 'b1_description'
[36m--[0m ==> add_subdirectory(unitree_ros/robots/b1_description)
[36m--[0m Using these message generators: gencpp;geneus;genlisp;gennodejs;genpy
[36m--[0m +++ processing catkin package: 'go1_description'
[36m--[0m ==> add_subdirectory(unitree_ros/robots/go1_description)
[36m--[0m Using these message generators: gencpp;geneus;genlisp;gennodejs;genpy
[36m--[0m +++ processing catkin package: 'laikago_description'
[36m--[0m ==> add_subdirectory(unitree_ros/robots/laikago_description)
[36m--[0m Using these message generators: gencpp;geneus;genlisp;gennodejs;genpy
[36m--[0m +++ processing catkin package: 'unitree_legged_msgs'
[36m--[0m ==> add_subdirectory(unitree_ros_to_real/unitree_legged_msgs)
[36m--[0m Using these message generators: gencpp;geneus;genlisp;gennodejs;genpy
[36m--[0m unitree_legged_msgs: 11 messages, 0 services
[36m--[0m +++ processing catkin package: 'unitree_legged_control'
[36m--[0m ==> add_subdirectory(unitree_ros/unitree_legged_control)
[36m--[0m +++ processing catkin package: 'unitree_legged_real'
[36m--[0m ==> add_subdirectory(unitree_ros_to_real/unitree_legged_real)
[36m--[0m Could NOT find unitree_legged_sdk (missing: unitree_legged_sdk_DIR)
[36m--[0m Could not find the required component 'unitree_legged_sdk'. The following CMake error indicates that you either need to install the package with the same name or change your environment so that it can be found.
[31m[1mCMake Error[0m at /opt/ros/noetic/share/catkin/cmake/catkinConfig.cmake:83 (find_package):
  Could not find a package configuration file provided by
  "unitree_legged_sdk" with any of the following names:

    unitree_legged_sdkConfig.cmake
    unitree_legged_sdk-config.cmake

  Add the installation prefix of "unitree_legged_sdk" to CMAKE_PREFIX_PATH or
  set "unitree_legged_sdk_DIR" to a directory containing one of the above
  files.  If "unitree_legged_sdk" provides a separate development package or
  SDK, be sure it has been installed.
[36mCall Stack (most recent call first):[0m
  unitree_ros_to_real/unitree_legged_real/CMakeLists.txt:6 (find_package)


[36m--[0m Configuring incomplete, errors occurred!
See also "/home/johnperg/catkin_ws/src/unitree_legged_sdk/CMakeFiles/CMakeOutput.log".
See also "/home/johnperg/catkin_ws/src/unitree_legged_sdk/CMakeFiles/CMakeError.log".
